[debug] [2022-11-26T15:27:49.797Z] ----------------------------------------------------------------------
[debug] [2022-11-26T15:27:49.800Z] Command:       C:\Program Files\nodejs\node.exe C:\Users\akash\AppData\Roaming\npm\node_modules\firebase-tools\lib\bin\firebase.js init
[debug] [2022-11-26T15:27:49.800Z] CLI Version:   11.15.0
[debug] [2022-11-26T15:27:49.801Z] Platform:      win32
[debug] [2022-11-26T15:27:49.801Z] Node Version:  v16.17.1
[debug] [2022-11-26T15:27:49.813Z] Time:          Sat Nov 26 2022 21:27:49 GMT+0600 (Bangladesh Standard Time)
[debug] [2022-11-26T15:27:49.814Z] ----------------------------------------------------------------------
[debug] 
[debug] [2022-11-26T15:27:49.818Z] >>> [apiv2][query] GET https://firebase-public.firebaseio.com/cli.json [none]
[debug] [2022-11-26T15:27:49.844Z] > command requires scopes: ["email","openid","https://www.googleapis.com/auth/cloudplatformprojects.readonly","https://www.googleapis.com/auth/firebase","https://www.googleapis.com/auth/cloud-platform"]
[debug] [2022-11-26T15:27:49.844Z] > authorizing via signed-in user (jack987row@gmail.com)
[info] 
     ######## #### ########  ######## ########     ###     ######  ########
     ##        ##  ##     ## ##       ##     ##  ##   ##  ##       ##
     ######    ##  ########  ######   ########  #########  ######  ######
     ##        ##  ##    ##  ##       ##     ## ##     ##       ## ##
     ##       #### ##     ## ######## ########  ##     ##  ######  ########

You're about to initialize a Firebase project in this directory:

  C:\Projects\Final Assignment\auto-buzz-client-site

Before we get started, keep in mind:

  * You are currently outside your home directory

[debug] [2022-11-26T15:27:54.147Z] <<< [apiv2][status] GET https://firebase-public.firebaseio.com/cli.json 200
[debug] [2022-11-26T15:27:54.148Z] <<< [apiv2][body] GET https://firebase-public.firebaseio.com/cli.json {"cloudBuildErrorAfter":1594252800000,"cloudBuildWarnAfter":1590019200000,"defaultNode10After":1594252800000,"minVersion":"3.0.5","node8DeploysDisabledAfter":1613390400000,"node8RuntimeDisabledAfter":1615809600000,"node8WarnAfter":1600128000000}
[info] 
=== Project Setup
[info] 
[info] First, let's associate this project directory with a Firebase project.
[info] You can create multiple project aliases by running firebase use --add, 
[info] but for now we'll just set up a default project.
[info] 
[info] i  If you want to create a project in a Google Cloud organization or folder, please use "firebase projects:create" instead, and return to this command when you've created the project. 
